<?xml version="1.0" encoding="UTF-8"?>
<testsuite name="exercise.ApplicationTest" time="0" tests="1" errors="0" skipped="1" failures="0">
  <properties>
    <property name="java.runtime.name" value="Java(TM) SE Runtime Environment"/>
    <property name="sun.boot.library.path" value="C:\Program Files\Java\jdk1.8.0_141\jre\bin"/>
    <property name="java.vm.version" value="25.141-b15"/>
    <property name="java.vm.vendor" value="Oracle Corporation"/>
    <property name="maven.multiModuleProjectDirectory" value="C:\Users\i320266\Documents\ECommerce\ECommerce-master"/>
    <property name="java.vendor.url" value="http://java.oracle.com/"/>
    <property name="path.separator" value=";"/>
    <property name="guice.disable.misplaced.annotation.check" value="true"/>
    <property name="java.vm.name" value="Java HotSpot(TM) 64-Bit Server VM"/>
    <property name="file.encoding.pkg" value="sun.io"/>
    <property name="user.script" value=""/>
    <property name="user.country" value="US"/>
    <property name="sun.java.launcher" value="SUN_STANDARD"/>
    <property name="sun.os.patch.level" value=""/>
    <property name="java.vm.specification.name" value="Java Virtual Machine Specification"/>
    <property name="user.dir" value="C:\Users\i320266\Documents\ECommerce\ECommerce-master"/>
    <property name="java.runtime.version" value="1.8.0_141-b15"/>
    <property name="java.awt.graphicsenv" value="sun.awt.Win32GraphicsEnvironment"/>
    <property name="java.endorsed.dirs" value="C:\Program Files\Java\jdk1.8.0_141\jre\lib\endorsed"/>
    <property name="os.arch" value="amd64"/>
    <property name="java.io.tmpdir" value="C:\Users\i320266\AppData\Local\Temp\"/>
    <property name="line.separator" value="&#10;"/>
    <property name="java.vm.specification.vendor" value="Oracle Corporation"/>
    <property name="user.variant" value=""/>
    <property name="https.proxyHost" value="proxy.wdf.sap.corp"/>
    <property name="os.name" value="Windows 10"/>
    <property name="classworlds.conf" value="C:\apache-maven-3.3.3\bin\m2.conf"/>
    <property name="sun.jnu.encoding" value="Cp1252"/>
    <property name="java.library.path" value="C:\Program Files\Java\jdk1.8.0_141\bin;C:\WINDOWS\Sun\Java\bin;C:\WINDOWS\system32;C:\WINDOWS;C:\ProgramData\Oracle\Java\javapath;C:\WINDOWS\system32;C:\WINDOWS;C:\WINDOWS\System32\Wbem;C:\WINDOWS\System32\WindowsPowerShell\v1.0\;C:\Windows\CCM;C:\WINDOWS\System32\WindowsPowerShell\v1.0;C:\gradle-2.4\bin;C:\apache-maven-3.3.3\bin;C:\Program Files\Java\jdk1.8.0_141\bin;C:\apache-maven-3.3.3\bin;C:\Program Files (x86)\Skype\Phone\;C:\Go\bin;C:\Users\i320266\AppData\Local\Android\Sdk/platforms;C:\Users\i320266\AppData\Local\Android\Sdk/platform-tools;C:\Program Files\nodejs\;C:\Python27;C:\Users\i320266\Downloads\cf-cli_6.14.0_winx64;C:\Git\bin;C:\Users\i320266\AppData\Roaming\npm;C:\Users\i320266\AppData\Local\atom\bin;."/>
    <property name="java.specification.name" value="Java Platform API Specification"/>
    <property name="java.class.version" value="52.0"/>
    <property name="sun.management.compiler" value="HotSpot 64-Bit Tiered Compilers"/>
    <property name="os.version" value="10.0"/>
    <property name="user.home" value="C:\Users\i320266"/>
    <property name="user.timezone" value="Asia/Calcutta"/>
    <property name="java.awt.printerjob" value="sun.awt.windows.WPrinterJob"/>
    <property name="java.specification.version" value="1.8"/>
    <property name="file.encoding" value="Cp1252"/>
    <property name="user.name" value="I320266"/>
    <property name="java.class.path" value="C:\apache-maven-3.3.3\boot\plexus-classworlds-2.5.2.jar"/>
    <property name="java.vm.specification.version" value="1.8"/>
    <property name="sun.arch.data.model" value="64"/>
    <property name="java.home" value="C:\Program Files\Java\jdk1.8.0_141\jre"/>
    <property name="sun.java.command" value="org.codehaus.plexus.classworlds.launcher.Launcher clean install"/>
    <property name="java.specification.vendor" value="Oracle Corporation"/>
    <property name="user.language" value="en"/>
    <property name="awt.toolkit" value="sun.awt.windows.WToolkit"/>
    <property name="java.vm.info" value="mixed mode"/>
    <property name="java.version" value="1.8.0_141"/>
    <property name="java.ext.dirs" value="C:\Program Files\Java\jdk1.8.0_141\jre\lib\ext;C:\WINDOWS\Sun\Java\lib\ext"/>
    <property name="sun.boot.class.path" value="C:\Program Files\Java\jdk1.8.0_141\jre\lib\resources.jar;C:\Program Files\Java\jdk1.8.0_141\jre\lib\rt.jar;C:\Program Files\Java\jdk1.8.0_141\jre\lib\sunrsasign.jar;C:\Program Files\Java\jdk1.8.0_141\jre\lib\jsse.jar;C:\Program Files\Java\jdk1.8.0_141\jre\lib\jce.jar;C:\Program Files\Java\jdk1.8.0_141\jre\lib\charsets.jar;C:\Program Files\Java\jdk1.8.0_141\jre\lib\jfr.jar;C:\Program Files\Java\jdk1.8.0_141\jre\classes"/>
    <property name="sun.stderr.encoding" value="cp437"/>
    <property name="java.vendor" value="Oracle Corporation"/>
    <property name="maven.home" value="C:\apache-maven-3.3.3"/>
    <property name="file.separator" value="\"/>
    <property name="java.vendor.url.bug" value="http://bugreport.sun.com/bugreport/"/>
    <property name="sun.cpu.endian" value="little"/>
    <property name="sun.io.unicode.encoding" value="UnicodeLittle"/>
    <property name="https.proxyPort" value="8080"/>
    <property name="sun.stdout.encoding" value="cp437"/>
    <property name="sun.desktop" value="windows"/>
    <property name="sun.cpu.isalist" value="amd64"/>
  </properties>
  <testcase name="contextLoads" classname="exercise.ApplicationTest" time="0">
    <skipped/>
    <system-out><![CDATA[09:57:41.904 [main] DEBUG org.springframework.test.context.junit4.SpringJUnit4ClassRunner - SpringJUnit4ClassRunner constructor called with [class exercise.ApplicationTest]
09:57:41.918 [main] DEBUG org.springframework.test.context.BootstrapUtils - Instantiating CacheAwareContextLoaderDelegate from class [org.springframework.test.context.cache.DefaultCacheAwareContextLoaderDelegate]
09:57:41.974 [main] DEBUG org.springframework.test.context.BootstrapUtils - Instantiating BootstrapContext using constructor [public org.springframework.test.context.support.DefaultBootstrapContext(java.lang.Class,org.springframework.test.context.CacheAwareContextLoaderDelegate)]
09:57:42.004 [main] DEBUG org.springframework.test.context.BootstrapUtils - Instantiating TestContextBootstrapper for test class [exercise.ApplicationTest] from class [org.springframework.boot.test.context.SpringBootTestContextBootstrapper]
09:57:42.022 [main] INFO org.springframework.boot.test.context.SpringBootTestContextBootstrapper - Neither @ContextConfiguration nor @ContextHierarchy found for test class [exercise.ApplicationTest], using SpringBootContextLoader
09:57:42.027 [main] DEBUG org.springframework.test.context.support.AbstractContextLoader - Did not detect default resource location for test class [exercise.ApplicationTest]: class path resource [exercise/ApplicationTest-context.xml] does not exist
09:57:42.027 [main] DEBUG org.springframework.test.context.support.AbstractContextLoader - Did not detect default resource location for test class [exercise.ApplicationTest]: class path resource [exercise/ApplicationTestContext.groovy] does not exist
09:57:42.027 [main] INFO org.springframework.test.context.support.AbstractContextLoader - Could not detect default resource locations for test class [exercise.ApplicationTest]: no resource found for suffixes {-context.xml, Context.groovy}.
09:57:42.028 [main] INFO org.springframework.test.context.support.AnnotationConfigContextLoaderUtils - Could not detect default configuration classes for test class [exercise.ApplicationTest]: ApplicationTest does not declare any static, non-private, non-final, nested classes annotated with @Configuration.
09:57:42.105 [main] DEBUG org.springframework.test.context.support.ActiveProfilesUtils - Could not find an 'annotation declaring class' for annotation type [org.springframework.test.context.ActiveProfiles] and class [exercise.ApplicationTest]
09:57:42.125 [main] DEBUG org.springframework.core.env.StandardEnvironment - Adding [systemProperties] PropertySource with lowest search precedence
09:57:42.125 [main] DEBUG org.springframework.core.env.StandardEnvironment - Adding [systemEnvironment] PropertySource with lowest search precedence
09:57:42.126 [main] DEBUG org.springframework.core.env.StandardEnvironment - Initialized StandardEnvironment with PropertySources [systemProperties,systemEnvironment]
09:57:42.145 [main] DEBUG org.springframework.core.io.support.PathMatchingResourcePatternResolver - Resolved classpath location [exercise/] to resources [URL [file:/C:/Users/i320266/Documents/ECommerce/ECommerce-master/target/test-classes/exercise/], URL [file:/C:/Users/i320266/Documents/ECommerce/ECommerce-master/target/classes/exercise/]]
09:57:42.147 [main] DEBUG org.springframework.core.io.support.PathMatchingResourcePatternResolver - Looking for matching resources in directory tree [C:\Users\i320266\Documents\ECommerce\ECommerce-master\target\test-classes\exercise]
09:57:42.147 [main] DEBUG org.springframework.core.io.support.PathMatchingResourcePatternResolver - Searching directory [C:\Users\i320266\Documents\ECommerce\ECommerce-master\target\test-classes\exercise] for files matching pattern [C:/Users/i320266/Documents/ECommerce/ECommerce-master/target/test-classes/exercise/*.class]
09:57:42.153 [main] DEBUG org.springframework.core.io.support.PathMatchingResourcePatternResolver - Looking for matching resources in directory tree [C:\Users\i320266\Documents\ECommerce\ECommerce-master\target\classes\exercise]
09:57:42.154 [main] DEBUG org.springframework.core.io.support.PathMatchingResourcePatternResolver - Searching directory [C:\Users\i320266\Documents\ECommerce\ECommerce-master\target\classes\exercise] for files matching pattern [C:/Users/i320266/Documents/ECommerce/ECommerce-master/target/classes/exercise/*.class]
09:57:42.156 [main] DEBUG org.springframework.core.io.support.PathMatchingResourcePatternResolver - Resolved location pattern [classpath*:exercise/*.class] to resources [file [C:\Users\i320266\Documents\ECommerce\ECommerce-master\target\test-classes\exercise\ApplicationTest.class], file [C:\Users\i320266\Documents\ECommerce\ECommerce-master\target\test-classes\exercise\DefaultRestControllerTest.class], file [C:\Users\i320266\Documents\ECommerce\ECommerce-master\target\classes\exercise\Application.class], file [C:\Users\i320266\Documents\ECommerce\ECommerce-master\target\classes\exercise\CategoryRestController.class], file [C:\Users\i320266\Documents\ECommerce\ECommerce-master\target\classes\exercise\ProductRestController.class], file [C:\Users\i320266\Documents\ECommerce\ECommerce-master\target\classes\exercise\SwaggerConfig.class]]
09:57:42.317 [main] DEBUG org.springframework.context.annotation.ClassPathScanningCandidateComponentProvider - Identified candidate component class: file [C:\Users\i320266\Documents\ECommerce\ECommerce-master\target\classes\exercise\Application.class]
09:57:42.385 [main] INFO org.springframework.boot.test.context.SpringBootTestContextBootstrapper - Found @SpringBootConfiguration exercise.Application for test class exercise.ApplicationTest
09:57:42.391 [main] DEBUG org.springframework.boot.test.context.SpringBootTestContextBootstrapper - @TestExecutionListeners is not present for class [exercise.ApplicationTest]: using defaults.
09:57:42.403 [main] INFO org.springframework.boot.test.context.SpringBootTestContextBootstrapper - Loaded default TestExecutionListener class names from location [META-INF/spring.factories]: [org.springframework.boot.test.mock.mockito.MockitoTestExecutionListener, org.springframework.boot.test.mock.mockito.ResetMocksTestExecutionListener, org.springframework.boot.test.autoconfigure.restdocs.RestDocsTestExecutionListener, org.springframework.boot.test.autoconfigure.web.client.MockRestServiceServerResetTestExecutionListener, org.springframework.boot.test.autoconfigure.web.servlet.MockMvcPrintOnlyOnFailureTestExecutionListener, org.springframework.boot.test.autoconfigure.web.servlet.WebDriverTestExecutionListener, org.springframework.test.context.web.ServletTestExecutionListener, org.springframework.test.context.support.DirtiesContextBeforeModesTestExecutionListener, org.springframework.test.context.support.DependencyInjectionTestExecutionListener, org.springframework.test.context.support.DirtiesContextTestExecutionListener, org.springframework.test.context.transaction.TransactionalTestExecutionListener, org.springframework.test.context.jdbc.SqlScriptsTestExecutionListener]
09:57:42.462 [main] INFO org.springframework.boot.test.context.SpringBootTestContextBootstrapper - Using TestExecutionListeners: [org.springframework.test.context.web.ServletTestExecutionListener@2145433b, org.springframework.test.context.support.DirtiesContextBeforeModesTestExecutionListener@2890c451, org.springframework.boot.test.autoconfigure.SpringBootDependencyInjectionTestExecutionListener@40e6dfe1, org.springframework.test.context.support.DirtiesContextTestExecutionListener@1b083826, org.springframework.test.context.transaction.TransactionalTestExecutionListener@105fece7, org.springframework.test.context.jdbc.SqlScriptsTestExecutionListener@3ec300f1, org.springframework.boot.test.mock.mockito.MockitoTestExecutionListener@482cd91f, org.springframework.boot.test.mock.mockito.ResetMocksTestExecutionListener@123f1134, org.springframework.boot.test.autoconfigure.web.client.MockRestServiceServerResetTestExecutionListener@7d68ef40, org.springframework.boot.test.autoconfigure.web.servlet.MockMvcPrintOnlyOnFailureTestExecutionListener@5b0abc94, org.springframework.boot.test.autoconfigure.web.servlet.WebDriverTestExecutionListener@75c072cb, org.springframework.boot.test.autoconfigure.restdocs.RestDocsTestExecutionListener@1f1c7bf6]
09:57:42.464 [main] DEBUG org.springframework.test.context.junit4.SpringJUnit4ClassRunner - SpringJUnit4ClassRunner constructor called with [class exercise.DefaultRestControllerTest]
09:57:42.465 [main] DEBUG org.springframework.test.context.BootstrapUtils - Instantiating CacheAwareContextLoaderDelegate from class [org.springframework.test.context.cache.DefaultCacheAwareContextLoaderDelegate]
09:57:42.465 [main] DEBUG org.springframework.test.context.BootstrapUtils - Instantiating BootstrapContext using constructor [public org.springframework.test.context.support.DefaultBootstrapContext(java.lang.Class,org.springframework.test.context.CacheAwareContextLoaderDelegate)]
09:57:42.466 [main] DEBUG org.springframework.test.context.BootstrapUtils - Instantiating TestContextBootstrapper for test class [exercise.DefaultRestControllerTest] from class [org.springframework.boot.test.context.SpringBootTestContextBootstrapper]
09:57:42.466 [main] INFO org.springframework.boot.test.context.SpringBootTestContextBootstrapper - Neither @ContextConfiguration nor @ContextHierarchy found for test class [exercise.DefaultRestControllerTest], using SpringBootContextLoader
09:57:42.467 [main] DEBUG org.springframework.test.context.support.AbstractContextLoader - Did not detect default resource location for test class [exercise.DefaultRestControllerTest]: class path resource [exercise/DefaultRestControllerTest-context.xml] does not exist
09:57:42.468 [main] DEBUG org.springframework.test.context.support.AbstractContextLoader - Did not detect default resource location for test class [exercise.DefaultRestControllerTest]: class path resource [exercise/DefaultRestControllerTestContext.groovy] does not exist
09:57:42.468 [main] INFO org.springframework.test.context.support.AbstractContextLoader - Could not detect default resource locations for test class [exercise.DefaultRestControllerTest]: no resource found for suffixes {-context.xml, Context.groovy}.
09:57:42.468 [main] INFO org.springframework.test.context.support.AnnotationConfigContextLoaderUtils - Could not detect default configuration classes for test class [exercise.DefaultRestControllerTest]: DefaultRestControllerTest does not declare any static, non-private, non-final, nested classes annotated with @Configuration.
09:57:42.508 [main] DEBUG org.springframework.test.context.support.ActiveProfilesUtils - Could not find an 'annotation declaring class' for annotation type [org.springframework.test.context.ActiveProfiles] and class [exercise.DefaultRestControllerTest]
09:57:42.508 [main] DEBUG org.springframework.core.env.StandardEnvironment - Adding [systemProperties] PropertySource with lowest search precedence
09:57:42.509 [main] DEBUG org.springframework.core.env.StandardEnvironment - Adding [systemEnvironment] PropertySource with lowest search precedence
09:57:42.509 [main] DEBUG org.springframework.core.env.StandardEnvironment - Initialized StandardEnvironment with PropertySources [systemProperties,systemEnvironment]
09:57:42.509 [main] INFO org.springframework.boot.test.context.SpringBootTestContextBootstrapper - Found @SpringBootConfiguration exercise.Application for test class exercise.DefaultRestControllerTest
09:57:42.514 [main] DEBUG org.springframework.boot.test.context.SpringBootTestContextBootstrapper - @TestExecutionListeners is not present for class [exercise.DefaultRestControllerTest]: using defaults.
09:57:42.520 [main] INFO org.springframework.boot.test.context.SpringBootTestContextBootstrapper - Loaded default TestExecutionListener class names from location [META-INF/spring.factories]: [org.springframework.boot.test.mock.mockito.MockitoTestExecutionListener, org.springframework.boot.test.mock.mockito.ResetMocksTestExecutionListener, org.springframework.boot.test.autoconfigure.restdocs.RestDocsTestExecutionListener, org.springframework.boot.test.autoconfigure.web.client.MockRestServiceServerResetTestExecutionListener, org.springframework.boot.test.autoconfigure.web.servlet.MockMvcPrintOnlyOnFailureTestExecutionListener, org.springframework.boot.test.autoconfigure.web.servlet.WebDriverTestExecutionListener, org.springframework.test.context.web.ServletTestExecutionListener, org.springframework.test.context.support.DirtiesContextBeforeModesTestExecutionListener, org.springframework.test.context.support.DependencyInjectionTestExecutionListener, org.springframework.test.context.support.DirtiesContextTestExecutionListener, org.springframework.test.context.transaction.TransactionalTestExecutionListener, org.springframework.test.context.jdbc.SqlScriptsTestExecutionListener]
09:57:42.529 [main] INFO org.springframework.boot.test.context.SpringBootTestContextBootstrapper - Using TestExecutionListeners: [org.springframework.test.context.web.ServletTestExecutionListener@60704c, org.springframework.test.context.support.DirtiesContextBeforeModesTestExecutionListener@6b19b79, org.springframework.boot.test.autoconfigure.SpringBootDependencyInjectionTestExecutionListener@2a32de6c, org.springframework.test.context.support.DirtiesContextTestExecutionListener@7692d9cc, org.springframework.test.context.transaction.TransactionalTestExecutionListener@75f32542, org.springframework.test.context.jdbc.SqlScriptsTestExecutionListener@7f1302d6, org.springframework.boot.test.mock.mockito.MockitoTestExecutionListener@43ee72e6, org.springframework.boot.test.mock.mockito.ResetMocksTestExecutionListener@23529fee, org.springframework.boot.test.autoconfigure.web.client.MockRestServiceServerResetTestExecutionListener@4fe767f3, org.springframework.boot.test.autoconfigure.web.servlet.MockMvcPrintOnlyOnFailureTestExecutionListener@2805c96b, org.springframework.boot.test.autoconfigure.web.servlet.WebDriverTestExecutionListener@184cf7cf, org.springframework.boot.test.autoconfigure.restdocs.RestDocsTestExecutionListener@2fd6b6c7]
09:57:42.535 [main] DEBUG org.springframework.test.annotation.ProfileValueUtils - Retrieved @ProfileValueSourceConfiguration [null] for test class [exercise.ApplicationTest]
09:57:42.536 [main] DEBUG org.springframework.test.annotation.ProfileValueUtils - Retrieved ProfileValueSource type [class org.springframework.test.annotation.SystemProfileValueSource] for class [exercise.ApplicationTest]
09:57:42.542 [main] DEBUG org.springframework.test.annotation.ProfileValueUtils - Retrieved @ProfileValueSourceConfiguration [null] for test class [exercise.DefaultRestControllerTest]
09:57:42.544 [main] DEBUG org.springframework.test.annotation.ProfileValueUtils - Retrieved ProfileValueSource type [class org.springframework.test.annotation.SystemProfileValueSource] for class [exercise.DefaultRestControllerTest]
09:57:42.557 [main] DEBUG org.springframework.test.context.junit4.SpringJUnit4ClassRunner - SpringJUnit4ClassRunner constructor called with [class exercise.ApplicationTest]
09:57:42.557 [main] DEBUG org.springframework.test.context.BootstrapUtils - Instantiating CacheAwareContextLoaderDelegate from class [org.springframework.test.context.cache.DefaultCacheAwareContextLoaderDelegate]
09:57:42.558 [main] DEBUG org.springframework.test.context.BootstrapUtils - Instantiating BootstrapContext using constructor [public org.springframework.test.context.support.DefaultBootstrapContext(java.lang.Class,org.springframework.test.context.CacheAwareContextLoaderDelegate)]
09:57:42.559 [main] DEBUG org.springframework.test.context.BootstrapUtils - Instantiating TestContextBootstrapper for test class [exercise.ApplicationTest] from class [org.springframework.boot.test.context.SpringBootTestContextBootstrapper]
09:57:42.560 [main] INFO org.springframework.boot.test.context.SpringBootTestContextBootstrapper - Neither @ContextConfiguration nor @ContextHierarchy found for test class [exercise.ApplicationTest], using SpringBootContextLoader
09:57:42.561 [main] DEBUG org.springframework.test.context.support.AbstractContextLoader - Did not detect default resource location for test class [exercise.ApplicationTest]: class path resource [exercise/ApplicationTest-context.xml] does not exist
09:57:42.562 [main] DEBUG org.springframework.test.context.support.AbstractContextLoader - Did not detect default resource location for test class [exercise.ApplicationTest]: class path resource [exercise/ApplicationTestContext.groovy] does not exist
09:57:42.562 [main] INFO org.springframework.test.context.support.AbstractContextLoader - Could not detect default resource locations for test class [exercise.ApplicationTest]: no resource found for suffixes {-context.xml, Context.groovy}.
09:57:42.563 [main] INFO org.springframework.test.context.support.AnnotationConfigContextLoaderUtils - Could not detect default configuration classes for test class [exercise.ApplicationTest]: ApplicationTest does not declare any static, non-private, non-final, nested classes annotated with @Configuration.
09:57:42.576 [main] DEBUG org.springframework.test.context.support.ActiveProfilesUtils - Could not find an 'annotation declaring class' for annotation type [org.springframework.test.context.ActiveProfiles] and class [exercise.ApplicationTest]
09:57:42.577 [main] DEBUG org.springframework.core.env.StandardEnvironment - Adding [systemProperties] PropertySource with lowest search precedence
09:57:42.577 [main] DEBUG org.springframework.core.env.StandardEnvironment - Adding [systemEnvironment] PropertySource with lowest search precedence
09:57:42.577 [main] DEBUG org.springframework.core.env.StandardEnvironment - Initialized StandardEnvironment with PropertySources [systemProperties,systemEnvironment]
09:57:42.577 [main] INFO org.springframework.boot.test.context.SpringBootTestContextBootstrapper - Found @SpringBootConfiguration exercise.Application for test class exercise.ApplicationTest
09:57:42.584 [main] DEBUG org.springframework.boot.test.context.SpringBootTestContextBootstrapper - @TestExecutionListeners is not present for class [exercise.ApplicationTest]: using defaults.
09:57:42.595 [main] INFO org.springframework.boot.test.context.SpringBootTestContextBootstrapper - Loaded default TestExecutionListener class names from location [META-INF/spring.factories]: [org.springframework.boot.test.mock.mockito.MockitoTestExecutionListener, org.springframework.boot.test.mock.mockito.ResetMocksTestExecutionListener, org.springframework.boot.test.autoconfigure.restdocs.RestDocsTestExecutionListener, org.springframework.boot.test.autoconfigure.web.client.MockRestServiceServerResetTestExecutionListener, org.springframework.boot.test.autoconfigure.web.servlet.MockMvcPrintOnlyOnFailureTestExecutionListener, org.springframework.boot.test.autoconfigure.web.servlet.WebDriverTestExecutionListener, org.springframework.test.context.web.ServletTestExecutionListener, org.springframework.test.context.support.DirtiesContextBeforeModesTestExecutionListener, org.springframework.test.context.support.DependencyInjectionTestExecutionListener, org.springframework.test.context.support.DirtiesContextTestExecutionListener, org.springframework.test.context.transaction.TransactionalTestExecutionListener, org.springframework.test.context.jdbc.SqlScriptsTestExecutionListener]
09:57:42.601 [main] INFO org.springframework.boot.test.context.SpringBootTestContextBootstrapper - Using TestExecutionListeners: [org.springframework.test.context.web.ServletTestExecutionListener@2b6faea6, org.springframework.test.context.support.DirtiesContextBeforeModesTestExecutionListener@778d1062, org.springframework.boot.test.autoconfigure.SpringBootDependencyInjectionTestExecutionListener@670002, org.springframework.test.context.support.DirtiesContextTestExecutionListener@1f0f1111, org.springframework.test.context.transaction.TransactionalTestExecutionListener@49c386c8, org.springframework.test.context.jdbc.SqlScriptsTestExecutionListener@56528192, org.springframework.boot.test.mock.mockito.MockitoTestExecutionListener@6e0dec4a, org.springframework.boot.test.mock.mockito.ResetMocksTestExecutionListener@96def03, org.springframework.boot.test.autoconfigure.web.client.MockRestServiceServerResetTestExecutionListener@5ccddd20, org.springframework.boot.test.autoconfigure.web.servlet.MockMvcPrintOnlyOnFailureTestExecutionListener@1ed1993a, org.springframework.boot.test.autoconfigure.web.servlet.WebDriverTestExecutionListener@1f3f4916, org.springframework.boot.test.autoconfigure.restdocs.RestDocsTestExecutionListener@794cb805]
09:57:42.602 [main] DEBUG org.springframework.test.annotation.ProfileValueUtils - Retrieved @ProfileValueSourceConfiguration [null] for test class [exercise.ApplicationTest]
09:57:42.602 [main] DEBUG org.springframework.test.annotation.ProfileValueUtils - Retrieved ProfileValueSource type [class org.springframework.test.annotation.SystemProfileValueSource] for class [exercise.ApplicationTest]
09:57:42.604 [main] DEBUG org.springframework.test.annotation.ProfileValueUtils - Retrieved @ProfileValueSourceConfiguration [null] for test class [exercise.ApplicationTest]
09:57:42.605 [main] DEBUG org.springframework.test.annotation.ProfileValueUtils - Retrieved ProfileValueSource type [class org.springframework.test.annotation.SystemProfileValueSource] for class [exercise.ApplicationTest]
]]></system-out>
  </testcase>
</testsuite>