<?xml version="1.0" encoding="UTF-8"?>
<testsuite name="exercise.ApplicationTest" time="0" tests="1" errors="0" skipped="1" failures="0">
  <properties>
    <property name="java.runtime.name" value="Java(TM) SE Runtime Environment"/>
    <property name="sun.boot.library.path" value="C:\Program Files (x86)\Java\jdk1.8.0_45\jre\bin"/>
    <property name="java.vm.version" value="25.45-b02"/>
    <property name="java.vm.vendor" value="Oracle Corporation"/>
    <property name="maven.multiModuleProjectDirectory" value="C:\Users\i320266\workspace1\SampleExercise"/>
    <property name="java.vendor.url" value="http://java.oracle.com/"/>
    <property name="path.separator" value=";"/>
    <property name="guice.disable.misplaced.annotation.check" value="true"/>
    <property name="java.vm.name" value="Java HotSpot(TM) Client VM"/>
    <property name="file.encoding.pkg" value="sun.io"/>
    <property name="user.script" value=""/>
    <property name="user.country" value="US"/>
    <property name="sun.java.launcher" value="SUN_STANDARD"/>
    <property name="sun.os.patch.level" value=""/>
    <property name="java.vm.specification.name" value="Java Virtual Machine Specification"/>
    <property name="user.dir" value="C:\Users\i320266\workspace1\SampleExercise"/>
    <property name="java.runtime.version" value="1.8.0_45-b15"/>
    <property name="java.awt.graphicsenv" value="sun.awt.Win32GraphicsEnvironment"/>
    <property name="java.endorsed.dirs" value="C:\Program Files (x86)\Java\jdk1.8.0_45\jre\lib\endorsed"/>
    <property name="os.arch" value="x86"/>
    <property name="java.io.tmpdir" value="C:\Users\i320266\AppData\Local\Temp\"/>
    <property name="line.separator" value="&#10;"/>
    <property name="java.vm.specification.vendor" value="Oracle Corporation"/>
    <property name="user.variant" value=""/>
    <property name="os.name" value="Windows 8.1"/>
    <property name="classworlds.conf" value="C:\Users\i320266\workspace1\.metadata\.plugins\org.eclipse.m2e.launching\launches\m2conf2792326121382890184.tmp"/>
    <property name="sun.jnu.encoding" value="Cp1252"/>
    <property name="java.library.path" value="C:\Program Files (x86)\Java\jdk1.8.0_45\bin;C:\WINDOWS\Sun\Java\bin;C:\WINDOWS\system32;C:\WINDOWS;C:/Program Files (x86)/Java/jre1.8.0_144/bin/client;C:/Program Files (x86)/Java/jre1.8.0_144/bin;C:/Program Files (x86)/Java/jre1.8.0_144/lib/i386;C:\ProgramData\Oracle\Java\javapath;C:\WINDOWS\system32;C:\WINDOWS;C:\WINDOWS\System32\Wbem;C:\WINDOWS\System32\WindowsPowerShell\v1.0\;C:\Windows\CCM;C:\WINDOWS\System32\WindowsPowerShell\v1.0;C:\gradle-2.4\bin;C:\apache-maven-3.3.3\bin;C:\Program Files\Java\jdk1.8.0_141\bin;C:\apache-maven-3.3.3\bin;C:\Program Files (x86)\Skype\Phone\;C:\Go\bin;C:\Users\i320266\AppData\Local\Android\Sdk/platforms;C:\Users\i320266\AppData\Local\Android\Sdk/platform-tools;C:\Program Files\nodejs\;C:\Python27;C:\Program Files\Java\jdk1.8.0_141\bin;C:\apache-maven-3.3.3\bin;C:\Users\i320266\Downloads\cf-cli_6.14.0_winx64;C:\Git\bin;C:\Users\i320266\AppData\Roaming\npm;C:\Users\i320266\AppData\Local\atom\bin;C:\Users\i320266\Downloads\eclipse mars\eclipse;;."/>
    <property name="java.specification.name" value="Java Platform API Specification"/>
    <property name="java.class.version" value="52.0"/>
    <property name="sun.management.compiler" value="HotSpot Client Compiler"/>
    <property name="os.version" value="6.3"/>
    <property name="user.home" value="C:\Users\i320266"/>
    <property name="user.timezone" value="Asia/Calcutta"/>
    <property name="java.awt.printerjob" value="sun.awt.windows.WPrinterJob"/>
    <property name="java.specification.version" value="1.8"/>
    <property name="file.encoding" value="Cp1252"/>
    <property name="user.name" value="I320266"/>
    <property name="java.class.path" value="/C:/Users/i320266/Downloads/eclipse mars/eclipse/plugins/org.eclipse.m2e.maven.runtime_1.6.2.20150902-0001/jars/plexus-classworlds-2.5.2.jar"/>
    <property name="java.vm.specification.version" value="1.8"/>
    <property name="sun.arch.data.model" value="32"/>
    <property name="java.home" value="C:\Program Files (x86)\Java\jdk1.8.0_45\jre"/>
    <property name="sun.java.command" value="org.codehaus.plexus.classworlds.launcher.Launcher -B clean install"/>
    <property name="java.specification.vendor" value="Oracle Corporation"/>
    <property name="user.language" value="en"/>
    <property name="awt.toolkit" value="sun.awt.windows.WToolkit"/>
    <property name="java.vm.info" value="mixed mode, sharing"/>
    <property name="java.version" value="1.8.0_45"/>
    <property name="java.ext.dirs" value="C:\Program Files (x86)\Java\jdk1.8.0_45\jre\lib\ext;C:\WINDOWS\Sun\Java\lib\ext"/>
    <property name="sun.boot.class.path" value="C:\Program Files (x86)\Java\jdk1.8.0_45\jre\lib\resources.jar;C:\Program Files (x86)\Java\jdk1.8.0_45\jre\lib\rt.jar;C:\Program Files (x86)\Java\jdk1.8.0_45\jre\lib\sunrsasign.jar;C:\Program Files (x86)\Java\jdk1.8.0_45\jre\lib\jsse.jar;C:\Program Files (x86)\Java\jdk1.8.0_45\jre\lib\jce.jar;C:\Program Files (x86)\Java\jdk1.8.0_45\jre\lib\charsets.jar;C:\Program Files (x86)\Java\jdk1.8.0_45\jre\lib\jfr.jar;C:\Program Files (x86)\Java\jdk1.8.0_45\jre\classes"/>
    <property name="java.vendor" value="Oracle Corporation"/>
    <property name="maven.home" value="C:\Users\i320266\workspace1\SampleExercise\EMBEDDED"/>
    <property name="file.separator" value="\"/>
    <property name="java.vendor.url.bug" value="http://bugreport.sun.com/bugreport/"/>
    <property name="sun.cpu.endian" value="little"/>
    <property name="sun.io.unicode.encoding" value="UnicodeLittle"/>
    <property name="sun.desktop" value="windows"/>
    <property name="sun.cpu.isalist" value="pentium_pro+mmx pentium_pro pentium+mmx pentium i486 i386 i86"/>
  </properties>
  <testcase name="contextLoads" classname="exercise.ApplicationTest" time="0">
    <skipped/>
    <system-out><![CDATA[20:58:02.972 [main] DEBUG org.springframework.test.context.junit4.SpringJUnit4ClassRunner - SpringJUnit4ClassRunner constructor called with [class exercise.ApplicationTest]
20:58:02.978 [main] DEBUG org.springframework.test.context.BootstrapUtils - Instantiating CacheAwareContextLoaderDelegate from class [org.springframework.test.context.cache.DefaultCacheAwareContextLoaderDelegate]
20:58:02.987 [main] DEBUG org.springframework.test.context.BootstrapUtils - Instantiating BootstrapContext using constructor [public org.springframework.test.context.support.DefaultBootstrapContext(java.lang.Class,org.springframework.test.context.CacheAwareContextLoaderDelegate)]
20:58:03.002 [main] DEBUG org.springframework.test.context.BootstrapUtils - Instantiating TestContextBootstrapper for test class [exercise.ApplicationTest] from class [org.springframework.boot.test.context.SpringBootTestContextBootstrapper]
20:58:03.018 [main] INFO org.springframework.boot.test.context.SpringBootTestContextBootstrapper - Neither @ContextConfiguration nor @ContextHierarchy found for test class [exercise.ApplicationTest], using SpringBootContextLoader
20:58:03.023 [main] DEBUG org.springframework.test.context.support.AbstractContextLoader - Did not detect default resource location for test class [exercise.ApplicationTest]: class path resource [exercise/ApplicationTest-context.xml] does not exist
20:58:03.023 [main] DEBUG org.springframework.test.context.support.AbstractContextLoader - Did not detect default resource location for test class [exercise.ApplicationTest]: class path resource [exercise/ApplicationTestContext.groovy] does not exist
20:58:03.023 [main] INFO org.springframework.test.context.support.AbstractContextLoader - Could not detect default resource locations for test class [exercise.ApplicationTest]: no resource found for suffixes {-context.xml, Context.groovy}.
20:58:03.024 [main] INFO org.springframework.test.context.support.AnnotationConfigContextLoaderUtils - Could not detect default configuration classes for test class [exercise.ApplicationTest]: ApplicationTest does not declare any static, non-private, non-final, nested classes annotated with @Configuration.
20:58:03.065 [main] DEBUG org.springframework.test.context.support.ActiveProfilesUtils - Could not find an 'annotation declaring class' for annotation type [org.springframework.test.context.ActiveProfiles] and class [exercise.ApplicationTest]
20:58:03.077 [main] DEBUG org.springframework.core.env.StandardEnvironment - Adding [systemProperties] PropertySource with lowest search precedence
20:58:03.079 [main] DEBUG org.springframework.core.env.StandardEnvironment - Adding [systemEnvironment] PropertySource with lowest search precedence
20:58:03.079 [main] DEBUG org.springframework.core.env.StandardEnvironment - Initialized StandardEnvironment with PropertySources [systemProperties,systemEnvironment]
20:58:03.090 [main] DEBUG org.springframework.core.io.support.PathMatchingResourcePatternResolver - Resolved classpath location [exercise/] to resources [URL [file:/C:/Users/i320266/workspace1/SampleExercise/target/test-classes/exercise/], URL [file:/C:/Users/i320266/workspace1/SampleExercise/target/classes/exercise/]]
20:58:03.090 [main] DEBUG org.springframework.core.io.support.PathMatchingResourcePatternResolver - Looking for matching resources in directory tree [C:\Users\i320266\workspace1\SampleExercise\target\test-classes\exercise]
20:58:03.090 [main] DEBUG org.springframework.core.io.support.PathMatchingResourcePatternResolver - Searching directory [C:\Users\i320266\workspace1\SampleExercise\target\test-classes\exercise] for files matching pattern [C:/Users/i320266/workspace1/SampleExercise/target/test-classes/exercise/*.class]
20:58:03.093 [main] DEBUG org.springframework.core.io.support.PathMatchingResourcePatternResolver - Looking for matching resources in directory tree [C:\Users\i320266\workspace1\SampleExercise\target\classes\exercise]
20:58:03.093 [main] DEBUG org.springframework.core.io.support.PathMatchingResourcePatternResolver - Searching directory [C:\Users\i320266\workspace1\SampleExercise\target\classes\exercise] for files matching pattern [C:/Users/i320266/workspace1/SampleExercise/target/classes/exercise/*.class]
20:58:03.094 [main] DEBUG org.springframework.core.io.support.PathMatchingResourcePatternResolver - Resolved location pattern [classpath*:exercise/*.class] to resources [file [C:\Users\i320266\workspace1\SampleExercise\target\test-classes\exercise\ApplicationTest.class], file [C:\Users\i320266\workspace1\SampleExercise\target\test-classes\exercise\DefaultRestControllerTest.class], file [C:\Users\i320266\workspace1\SampleExercise\target\classes\exercise\Application.class], file [C:\Users\i320266\workspace1\SampleExercise\target\classes\exercise\CategoryRestController.class], file [C:\Users\i320266\workspace1\SampleExercise\target\classes\exercise\ProductRestController.class], file [C:\Users\i320266\workspace1\SampleExercise\target\classes\exercise\SwaggerConfig.class]]
20:58:03.175 [main] DEBUG org.springframework.context.annotation.ClassPathScanningCandidateComponentProvider - Identified candidate component class: file [C:\Users\i320266\workspace1\SampleExercise\target\classes\exercise\Application.class]
20:58:03.225 [main] INFO org.springframework.boot.test.context.SpringBootTestContextBootstrapper - Found @SpringBootConfiguration exercise.Application for test class exercise.ApplicationTest
20:58:03.229 [main] DEBUG org.springframework.boot.test.context.SpringBootTestContextBootstrapper - @TestExecutionListeners is not present for class [exercise.ApplicationTest]: using defaults.
20:58:03.232 [main] INFO org.springframework.boot.test.context.SpringBootTestContextBootstrapper - Loaded default TestExecutionListener class names from location [META-INF/spring.factories]: [org.springframework.boot.test.mock.mockito.MockitoTestExecutionListener, org.springframework.boot.test.mock.mockito.ResetMocksTestExecutionListener, org.springframework.boot.test.autoconfigure.restdocs.RestDocsTestExecutionListener, org.springframework.boot.test.autoconfigure.web.client.MockRestServiceServerResetTestExecutionListener, org.springframework.boot.test.autoconfigure.web.servlet.MockMvcPrintOnlyOnFailureTestExecutionListener, org.springframework.boot.test.autoconfigure.web.servlet.WebDriverTestExecutionListener, org.springframework.test.context.web.ServletTestExecutionListener, org.springframework.test.context.support.DirtiesContextBeforeModesTestExecutionListener, org.springframework.test.context.support.DependencyInjectionTestExecutionListener, org.springframework.test.context.support.DirtiesContextTestExecutionListener, org.springframework.test.context.transaction.TransactionalTestExecutionListener, org.springframework.test.context.jdbc.SqlScriptsTestExecutionListener]
20:58:03.263 [main] INFO org.springframework.boot.test.context.SpringBootTestContextBootstrapper - Using TestExecutionListeners: [org.springframework.test.context.web.ServletTestExecutionListener@145433b, org.springframework.test.context.support.DirtiesContextBeforeModesTestExecutionListener@90c451, org.springframework.boot.test.autoconfigure.SpringBootDependencyInjectionTestExecutionListener@e6dfe1, org.springframework.test.context.support.DirtiesContextTestExecutionListener@1083826, org.springframework.test.context.transaction.TransactionalTestExecutionListener@5fece7, org.springframework.test.context.jdbc.SqlScriptsTestExecutionListener@c300f1, org.springframework.boot.test.mock.mockito.MockitoTestExecutionListener@2cd91f, org.springframework.boot.test.mock.mockito.ResetMocksTestExecutionListener@3f1134, org.springframework.boot.test.autoconfigure.web.client.MockRestServiceServerResetTestExecutionListener@168ef40, org.springframework.boot.test.autoconfigure.web.servlet.MockMvcPrintOnlyOnFailureTestExecutionListener@10abc94, org.springframework.boot.test.autoconfigure.web.servlet.WebDriverTestExecutionListener@1c072cb, org.springframework.boot.test.autoconfigure.restdocs.RestDocsTestExecutionListener@11c7bf6]
20:58:03.266 [main] DEBUG org.springframework.test.context.junit4.SpringJUnit4ClassRunner - SpringJUnit4ClassRunner constructor called with [class exercise.DefaultRestControllerTest]
20:58:03.267 [main] DEBUG org.springframework.test.context.BootstrapUtils - Instantiating CacheAwareContextLoaderDelegate from class [org.springframework.test.context.cache.DefaultCacheAwareContextLoaderDelegate]
20:58:03.267 [main] DEBUG org.springframework.test.context.BootstrapUtils - Instantiating BootstrapContext using constructor [public org.springframework.test.context.support.DefaultBootstrapContext(java.lang.Class,org.springframework.test.context.CacheAwareContextLoaderDelegate)]
20:58:03.267 [main] DEBUG org.springframework.test.context.BootstrapUtils - Instantiating TestContextBootstrapper for test class [exercise.DefaultRestControllerTest] from class [org.springframework.boot.test.context.SpringBootTestContextBootstrapper]
20:58:03.269 [main] INFO org.springframework.boot.test.context.SpringBootTestContextBootstrapper - Neither @ContextConfiguration nor @ContextHierarchy found for test class [exercise.DefaultRestControllerTest], using SpringBootContextLoader
20:58:03.269 [main] DEBUG org.springframework.test.context.support.AbstractContextLoader - Did not detect default resource location for test class [exercise.DefaultRestControllerTest]: class path resource [exercise/DefaultRestControllerTest-context.xml] does not exist
20:58:03.270 [main] DEBUG org.springframework.test.context.support.AbstractContextLoader - Did not detect default resource location for test class [exercise.DefaultRestControllerTest]: class path resource [exercise/DefaultRestControllerTestContext.groovy] does not exist
20:58:03.271 [main] INFO org.springframework.test.context.support.AbstractContextLoader - Could not detect default resource locations for test class [exercise.DefaultRestControllerTest]: no resource found for suffixes {-context.xml, Context.groovy}.
20:58:03.271 [main] INFO org.springframework.test.context.support.AnnotationConfigContextLoaderUtils - Could not detect default configuration classes for test class [exercise.DefaultRestControllerTest]: DefaultRestControllerTest does not declare any static, non-private, non-final, nested classes annotated with @Configuration.
20:58:03.291 [main] DEBUG org.springframework.test.context.support.ActiveProfilesUtils - Could not find an 'annotation declaring class' for annotation type [org.springframework.test.context.ActiveProfiles] and class [exercise.DefaultRestControllerTest]
20:58:03.291 [main] DEBUG org.springframework.core.env.StandardEnvironment - Adding [systemProperties] PropertySource with lowest search precedence
20:58:03.291 [main] DEBUG org.springframework.core.env.StandardEnvironment - Adding [systemEnvironment] PropertySource with lowest search precedence
20:58:03.291 [main] DEBUG org.springframework.core.env.StandardEnvironment - Initialized StandardEnvironment with PropertySources [systemProperties,systemEnvironment]
20:58:03.291 [main] INFO org.springframework.boot.test.context.SpringBootTestContextBootstrapper - Found @SpringBootConfiguration exercise.Application for test class exercise.DefaultRestControllerTest
20:58:03.293 [main] DEBUG org.springframework.boot.test.context.SpringBootTestContextBootstrapper - @TestExecutionListeners is not present for class [exercise.DefaultRestControllerTest]: using defaults.
20:58:03.295 [main] INFO org.springframework.boot.test.context.SpringBootTestContextBootstrapper - Loaded default TestExecutionListener class names from location [META-INF/spring.factories]: [org.springframework.boot.test.mock.mockito.MockitoTestExecutionListener, org.springframework.boot.test.mock.mockito.ResetMocksTestExecutionListener, org.springframework.boot.test.autoconfigure.restdocs.RestDocsTestExecutionListener, org.springframework.boot.test.autoconfigure.web.client.MockRestServiceServerResetTestExecutionListener, org.springframework.boot.test.autoconfigure.web.servlet.MockMvcPrintOnlyOnFailureTestExecutionListener, org.springframework.boot.test.autoconfigure.web.servlet.WebDriverTestExecutionListener, org.springframework.test.context.web.ServletTestExecutionListener, org.springframework.test.context.support.DirtiesContextBeforeModesTestExecutionListener, org.springframework.test.context.support.DependencyInjectionTestExecutionListener, org.springframework.test.context.support.DirtiesContextTestExecutionListener, org.springframework.test.context.transaction.TransactionalTestExecutionListener, org.springframework.test.context.jdbc.SqlScriptsTestExecutionListener]
20:58:03.297 [main] INFO org.springframework.boot.test.context.SpringBootTestContextBootstrapper - Using TestExecutionListeners: [org.springframework.test.context.web.ServletTestExecutionListener@60704c, org.springframework.test.context.support.DirtiesContextBeforeModesTestExecutionListener@b19b79, org.springframework.boot.test.autoconfigure.SpringBootDependencyInjectionTestExecutionListener@32de6c, org.springframework.test.context.support.DirtiesContextTestExecutionListener@92d9cc, org.springframework.test.context.transaction.TransactionalTestExecutionListener@1f32542, org.springframework.test.context.jdbc.SqlScriptsTestExecutionListener@11302d6, org.springframework.boot.test.mock.mockito.MockitoTestExecutionListener@1ee72e6, org.springframework.boot.test.mock.mockito.ResetMocksTestExecutionListener@1529fee, org.springframework.boot.test.autoconfigure.web.client.MockRestServiceServerResetTestExecutionListener@1e767f3, org.springframework.boot.test.autoconfigure.web.servlet.MockMvcPrintOnlyOnFailureTestExecutionListener@5c96b, org.springframework.boot.test.autoconfigure.web.servlet.WebDriverTestExecutionListener@4cf7cf, org.springframework.boot.test.autoconfigure.restdocs.RestDocsTestExecutionListener@1d6b6c7]
20:58:03.300 [main] DEBUG org.springframework.test.annotation.ProfileValueUtils - Retrieved @ProfileValueSourceConfiguration [null] for test class [exercise.ApplicationTest]
20:58:03.301 [main] DEBUG org.springframework.test.annotation.ProfileValueUtils - Retrieved ProfileValueSource type [class org.springframework.test.annotation.SystemProfileValueSource] for class [exercise.ApplicationTest]
20:58:03.301 [main] DEBUG org.springframework.test.annotation.ProfileValueUtils - Retrieved @ProfileValueSourceConfiguration [null] for test class [exercise.DefaultRestControllerTest]
20:58:03.301 [main] DEBUG org.springframework.test.annotation.ProfileValueUtils - Retrieved ProfileValueSource type [class org.springframework.test.annotation.SystemProfileValueSource] for class [exercise.DefaultRestControllerTest]
20:58:03.303 [main] DEBUG org.springframework.test.context.junit4.SpringJUnit4ClassRunner - SpringJUnit4ClassRunner constructor called with [class exercise.ApplicationTest]
20:58:03.304 [main] DEBUG org.springframework.test.context.BootstrapUtils - Instantiating CacheAwareContextLoaderDelegate from class [org.springframework.test.context.cache.DefaultCacheAwareContextLoaderDelegate]
20:58:03.304 [main] DEBUG org.springframework.test.context.BootstrapUtils - Instantiating BootstrapContext using constructor [public org.springframework.test.context.support.DefaultBootstrapContext(java.lang.Class,org.springframework.test.context.CacheAwareContextLoaderDelegate)]
20:58:03.304 [main] DEBUG org.springframework.test.context.BootstrapUtils - Instantiating TestContextBootstrapper for test class [exercise.ApplicationTest] from class [org.springframework.boot.test.context.SpringBootTestContextBootstrapper]
20:58:03.304 [main] INFO org.springframework.boot.test.context.SpringBootTestContextBootstrapper - Neither @ContextConfiguration nor @ContextHierarchy found for test class [exercise.ApplicationTest], using SpringBootContextLoader
20:58:03.305 [main] DEBUG org.springframework.test.context.support.AbstractContextLoader - Did not detect default resource location for test class [exercise.ApplicationTest]: class path resource [exercise/ApplicationTest-context.xml] does not exist
20:58:03.305 [main] DEBUG org.springframework.test.context.support.AbstractContextLoader - Did not detect default resource location for test class [exercise.ApplicationTest]: class path resource [exercise/ApplicationTestContext.groovy] does not exist
20:58:03.305 [main] INFO org.springframework.test.context.support.AbstractContextLoader - Could not detect default resource locations for test class [exercise.ApplicationTest]: no resource found for suffixes {-context.xml, Context.groovy}.
20:58:03.305 [main] INFO org.springframework.test.context.support.AnnotationConfigContextLoaderUtils - Could not detect default configuration classes for test class [exercise.ApplicationTest]: ApplicationTest does not declare any static, non-private, non-final, nested classes annotated with @Configuration.
20:58:03.309 [main] DEBUG org.springframework.test.context.support.ActiveProfilesUtils - Could not find an 'annotation declaring class' for annotation type [org.springframework.test.context.ActiveProfiles] and class [exercise.ApplicationTest]
20:58:03.309 [main] DEBUG org.springframework.core.env.StandardEnvironment - Adding [systemProperties] PropertySource with lowest search precedence
20:58:03.309 [main] DEBUG org.springframework.core.env.StandardEnvironment - Adding [systemEnvironment] PropertySource with lowest search precedence
20:58:03.310 [main] DEBUG org.springframework.core.env.StandardEnvironment - Initialized StandardEnvironment with PropertySources [systemProperties,systemEnvironment]
20:58:03.310 [main] INFO org.springframework.boot.test.context.SpringBootTestContextBootstrapper - Found @SpringBootConfiguration exercise.Application for test class exercise.ApplicationTest
20:58:03.310 [main] DEBUG org.springframework.boot.test.context.SpringBootTestContextBootstrapper - @TestExecutionListeners is not present for class [exercise.ApplicationTest]: using defaults.
20:58:03.313 [main] INFO org.springframework.boot.test.context.SpringBootTestContextBootstrapper - Loaded default TestExecutionListener class names from location [META-INF/spring.factories]: [org.springframework.boot.test.mock.mockito.MockitoTestExecutionListener, org.springframework.boot.test.mock.mockito.ResetMocksTestExecutionListener, org.springframework.boot.test.autoconfigure.restdocs.RestDocsTestExecutionListener, org.springframework.boot.test.autoconfigure.web.client.MockRestServiceServerResetTestExecutionListener, org.springframework.boot.test.autoconfigure.web.servlet.MockMvcPrintOnlyOnFailureTestExecutionListener, org.springframework.boot.test.autoconfigure.web.servlet.WebDriverTestExecutionListener, org.springframework.test.context.web.ServletTestExecutionListener, org.springframework.test.context.support.DirtiesContextBeforeModesTestExecutionListener, org.springframework.test.context.support.DependencyInjectionTestExecutionListener, org.springframework.test.context.support.DirtiesContextTestExecutionListener, org.springframework.test.context.transaction.TransactionalTestExecutionListener, org.springframework.test.context.jdbc.SqlScriptsTestExecutionListener]
20:58:03.316 [main] INFO org.springframework.boot.test.context.SpringBootTestContextBootstrapper - Using TestExecutionListeners: [org.springframework.test.context.web.ServletTestExecutionListener@16faea6, org.springframework.test.context.support.DirtiesContextBeforeModesTestExecutionListener@18d1062, org.springframework.boot.test.autoconfigure.SpringBootDependencyInjectionTestExecutionListener@670002, org.springframework.test.context.support.DirtiesContextTestExecutionListener@10f1111, org.springframework.test.context.transaction.TransactionalTestExecutionListener@1c386c8, org.springframework.test.context.jdbc.SqlScriptsTestExecutionListener@528192, org.springframework.boot.test.mock.mockito.MockitoTestExecutionListener@dec4a, org.springframework.boot.test.mock.mockito.ResetMocksTestExecutionListener@16def03, org.springframework.boot.test.autoconfigure.web.client.MockRestServiceServerResetTestExecutionListener@cddd20, org.springframework.boot.test.autoconfigure.web.servlet.MockMvcPrintOnlyOnFailureTestExecutionListener@d1993a, org.springframework.boot.test.autoconfigure.web.servlet.WebDriverTestExecutionListener@13f4916, org.springframework.boot.test.autoconfigure.restdocs.RestDocsTestExecutionListener@14cb805]
20:58:03.316 [main] DEBUG org.springframework.test.annotation.ProfileValueUtils - Retrieved @ProfileValueSourceConfiguration [null] for test class [exercise.ApplicationTest]
20:58:03.316 [main] DEBUG org.springframework.test.annotation.ProfileValueUtils - Retrieved ProfileValueSource type [class org.springframework.test.annotation.SystemProfileValueSource] for class [exercise.ApplicationTest]
20:58:03.316 [main] DEBUG org.springframework.test.annotation.ProfileValueUtils - Retrieved @ProfileValueSourceConfiguration [null] for test class [exercise.ApplicationTest]
20:58:03.317 [main] DEBUG org.springframework.test.annotation.ProfileValueUtils - Retrieved ProfileValueSource type [class org.springframework.test.annotation.SystemProfileValueSource] for class [exercise.ApplicationTest]
]]></system-out>
  </testcase>
</testsuite>